<?xml version="1.0" encoding="utf-8"?><testsuites><testsuite name="pytest" errors="0" failures="0" skipped="0" tests="6" time="0.020" timestamp="2021-03-23T10:49:52.039415" hostname="BlueMonster"><testcase classname="test" name="test_tuple" time="0.001" /><testcase classname="test" name="test_list" time="0.000" /><testcase classname="test" name="test_dict" time="0.001" /><testcase classname="test" name="test_double_1" time="0.001" /><testcase classname="test" name="test_double_2" time="0.001" /><testcase classname="test" name="test_yield_fun" time="0.001" /></testsuite></testsuites>